<html>
<head>
<title>TestNG:  Login with correct username and blank password</title>
<link href="../testng.css" rel="stylesheet" type="text/css" />
<link href="../my-testng.css" rel="stylesheet" type="text/css" />

<style type="text/css">
.log { display: none;} 
.stack-trace { display: none;} 
</style>
<script type="text/javascript">
<!--
function flip(e) {
  current = e.style.display;
  if (current == 'block') {
    e.style.display = 'none';
    return 0;
  }
  else {
    e.style.display = 'block';
    return 1;
  }
}

function toggleBox(szDivId, elem, msg1, msg2)
{
  var res = -1;  if (document.getElementById) {
    res = flip(document.getElementById(szDivId));
  }
  else if (document.all) {
    // this is the way old msie versions work
    res = flip(document.all[szDivId]);
  }
  if(elem) {
    if(res == 0) elem.innerHTML = msg1; else elem.innerHTML = msg2;
  }

}

function toggleAllBoxes() {
  if (document.getElementsByTagName) {
    d = document.getElementsByTagName('div');
    for (i = 0; i < d.length; i++) {
      if (d[i].className == 'log') {
        flip(d[i]);
      }
    }
  }
}

// -->
</script>

</head>
<body>
<h2 align='center'>Login with correct username and blank password</h2><table border='1' align="center">
<tr>
<td>Tests passed/Failed/Skipped:</td><td>0/1/2</td>
</tr><tr>
<td>Started on:</td><td>Thu Dec 13 15:55:09 IST 2018</td>
</tr>
<tr><td>Total time:</td><td>43 seconds (43439 ms)</td>
</tr><tr>
<td>Included groups:</td><td></td>
</tr><tr>
<td>Excluded groups:</td><td></td>
</tr>
</table><p/>
<small><i>(Hover the method name to see the test class name)</i></small><p/>
<table width='100%' border='1' class='invocation-failed'>
<tr><td colspan='4' align='center'><b>FAILED TESTS</b></td></tr>
<tr><td><b>Test method</b></td>
<td width="30%"><b>Exception</b></td>
<td width="10%"><b>Time (seconds)</b></td>
<td><b>Instance</b></td>
</tr>
<tr>
<td title='testScripts.MyAccount.Login.TC_003.TC001_test()'><b>TC001_test</b><br>Test class: testScripts.MyAccount.Login.TC_003<br>Test method: Login with correct username and blank password<br/>
<a href="#Output-1302877661" onClick='toggleBox("Output-1302877661", this, "Show output", "Hide output");'>Show output</a>

<a href="#Output-1302877661" onClick="toggleAllBoxes();">Show all outputs</a>
<div class='log' id="Output-1302877661">
TC001_test this test started<br/>
<a href='E:\akash\eclipse\workspace\AutomationPracticeProject\src\main\resources\screenshot\navigation_pages_347_12-2018_15_12-649.png'><img src='E:\akash\eclipse\workspace\AutomationPracticeProject\src\main\resources\screenshot\navigation_pages_347_12-2018_15_12-649.png'height='100' width='100'/></a><br/>
<a href='E:\akash\eclipse\workspace\AutomationPracticeProject\src\main\resources\screenshot\navigation_pages_347_12-2018_15_12-624.png'><img src='E:\akash\eclipse\workspace\AutomationPracticeProject\src\main\resources\screenshot\navigation_pages_347_12-2018_15_12-624.png'height='100' width='100'/></a><br/>
TC001_test this test failed java.lang.AssertionError: expected [ERROR: The password you entered for the username akash.srivastava is incorrect. Lost your password?] but found [Error: Password is required.]<br/>
</div>
</td>
<td><div><pre>java.lang.AssertionError: expected [ERROR: The password you entered for the username akash.srivastava is incorrect. Lost your password?] but found [Error: Password is required.]
	at helper.assertion.AssertionHelper.verifyText(AssertionHelper.java:20)
	at pageObjects.Login_RegisterPage.correctEmailBlankPassword(Login_RegisterPage.java:96)
	at testScripts.MyAccount.Login.TC_003.TC001_test(TC_003.java:21)
... Removed 31 stack frames</pre></div><a href='#' onClick='toggleBox("stack-trace1302877661", this, "Click to show all stack frames", "Click to hide stack frames")'>Click to show all stack frames</a>
<div class='stack-trace' id='stack-trace1302877661'><pre>java.lang.AssertionError: expected [ERROR: The password you entered for the username akash.srivastava is incorrect. Lost your password?] but found [Error: Password is required.]
	at org.testng.Assert.fail(Assert.java:96)
	at org.testng.Assert.failNotEquals(Assert.java:776)
	at org.testng.Assert.assertEqualsImpl(Assert.java:137)
	at org.testng.Assert.assertEquals(Assert.java:118)
	at org.testng.Assert.assertEquals(Assert.java:453)
	at org.testng.Assert.assertEquals(Assert.java:463)
	at helper.assertion.AssertionHelper.verifyText(AssertionHelper.java:20)
	at pageObjects.Login_RegisterPage.correctEmailBlankPassword(Login_RegisterPage.java:96)
	at testScripts.MyAccount.Login.TC_003.TC001_test(TC_003.java:21)
	at sun.reflect.NativeMethodAccessorImpl.invoke0(Native Method)
	at sun.reflect.NativeMethodAccessorImpl.invoke(NativeMethodAccessorImpl.java:62)
	at sun.reflect.DelegatingMethodAccessorImpl.invoke(DelegatingMethodAccessorImpl.java:43)
	at java.lang.reflect.Method.invoke(Method.java:498)
	at org.testng.internal.MethodInvocationHelper.invokeMethod(MethodInvocationHelper.java:124)
	at org.testng.internal.Invoker.invokeMethod(Invoker.java:583)
	at org.testng.internal.Invoker.retryFailed(Invoker.java:839)
	at org.testng.internal.Invoker.invokeTestMethods(Invoker.java:1010)
	at org.testng.internal.TestMethodWorker.invokeTestMethods(TestMethodWorker.java:125)
	at org.testng.internal.TestMethodWorker.run(TestMethodWorker.java:109)
	at org.testng.TestRunner.privateRun(TestRunner.java:648)
	at org.testng.TestRunner.run(TestRunner.java:505)
	at org.testng.SuiteRunner.runTest(SuiteRunner.java:455)
	at org.testng.SuiteRunner.runSequentially(SuiteRunner.java:450)
	at org.testng.SuiteRunner.privateRun(SuiteRunner.java:415)
	at org.testng.SuiteRunner.run(SuiteRunner.java:364)
	at org.testng.SuiteRunnerWorker.runSuite(SuiteRunnerWorker.java:52)
	at org.testng.SuiteRunnerWorker.run(SuiteRunnerWorker.java:84)
	at org.testng.TestNG.runSuitesSequentially(TestNG.java:1208)
	at org.testng.TestNG.runSuitesLocally(TestNG.java:1137)
	at org.testng.TestNG.runSuites(TestNG.java:1049)
	at org.testng.TestNG.run(TestNG.java:1017)
	at org.testng.remote.AbstractRemoteTestNG.run(AbstractRemoteTestNG.java:114)
	at org.testng.remote.RemoteTestNG.initAndRun(RemoteTestNG.java:251)
	at org.testng.remote.RemoteTestNG.main(RemoteTestNG.java:77)
</pre></div></td>
<td>10</td>
<td>testScripts.MyAccount.Login.TC_003@68bbe345</td></tr>
</table><p>
<table width='100%' border='1' class='invocation-skipped'>
<tr><td colspan='4' align='center'><b>SKIPPED TESTS</b></td></tr>
<tr><td><b>Test method</b></td>
<td width="30%"><b>Exception</b></td>
<td width="10%"><b>Time (seconds)</b></td>
<td><b>Instance</b></td>
</tr>
<tr>
<td title='testScripts.MyAccount.Login.TC_003.TC001_test()'><b>TC001_test</b><br>Test class: testScripts.MyAccount.Login.TC_003<br>Test method: Login with correct username and blank password<br/>
<a href="#Output-747870628" onClick='toggleBox("Output-747870628", this, "Show output", "Hide output");'>Show output</a>

<a href="#Output-747870628" onClick="toggleAllBoxes();">Show all outputs</a>
<div class='log' id="Output-747870628">
TC001_test this test started<br/>
<a href='E:\akash\eclipse\workspace\AutomationPracticeProject\src\main\resources\screenshot\navigation_pages_347_12-2018_15_12-576.png'><img src='E:\akash\eclipse\workspace\AutomationPracticeProject\src\main\resources\screenshot\navigation_pages_347_12-2018_15_12-576.png'height='100' width='100'/></a><br/>
<a href='E:\akash\eclipse\workspace\AutomationPracticeProject\src\main\resources\screenshot\navigation_pages_347_12-2018_15_12-125.png'><img src='E:\akash\eclipse\workspace\AutomationPracticeProject\src\main\resources\screenshot\navigation_pages_347_12-2018_15_12-125.png'height='100' width='100'/></a><br/>
TC001_test this test skipped java.lang.AssertionError: expected [ERROR: The password you entered for the username akash.srivastava is incorrect. Lost your password?] but found [Error: Password is required.]<br/>
</div>
</td>
<td><div><pre>java.lang.AssertionError: expected [ERROR: The password you entered for the username akash.srivastava is incorrect. Lost your password?] but found [Error: Password is required.]
	at helper.assertion.AssertionHelper.verifyText(AssertionHelper.java:20)
	at pageObjects.Login_RegisterPage.correctEmailBlankPassword(Login_RegisterPage.java:96)
	at testScripts.MyAccount.Login.TC_003.TC001_test(TC_003.java:21)
... Removed 31 stack frames</pre></div><a href='#' onClick='toggleBox("stack-trace747870628", this, "Click to show all stack frames", "Click to hide stack frames")'>Click to show all stack frames</a>
<div class='stack-trace' id='stack-trace747870628'><pre>java.lang.AssertionError: expected [ERROR: The password you entered for the username akash.srivastava is incorrect. Lost your password?] but found [Error: Password is required.]
	at org.testng.Assert.fail(Assert.java:96)
	at org.testng.Assert.failNotEquals(Assert.java:776)
	at org.testng.Assert.assertEqualsImpl(Assert.java:137)
	at org.testng.Assert.assertEquals(Assert.java:118)
	at org.testng.Assert.assertEquals(Assert.java:453)
	at org.testng.Assert.assertEquals(Assert.java:463)
	at helper.assertion.AssertionHelper.verifyText(AssertionHelper.java:20)
	at pageObjects.Login_RegisterPage.correctEmailBlankPassword(Login_RegisterPage.java:96)
	at testScripts.MyAccount.Login.TC_003.TC001_test(TC_003.java:21)
	at sun.reflect.NativeMethodAccessorImpl.invoke0(Native Method)
	at sun.reflect.NativeMethodAccessorImpl.invoke(NativeMethodAccessorImpl.java:62)
	at sun.reflect.DelegatingMethodAccessorImpl.invoke(DelegatingMethodAccessorImpl.java:43)
	at java.lang.reflect.Method.invoke(Method.java:498)
	at org.testng.internal.MethodInvocationHelper.invokeMethod(MethodInvocationHelper.java:124)
	at org.testng.internal.Invoker.invokeMethod(Invoker.java:583)
	at org.testng.internal.Invoker.invokeTestMethod(Invoker.java:719)
	at org.testng.internal.Invoker.invokeTestMethods(Invoker.java:989)
	at org.testng.internal.TestMethodWorker.invokeTestMethods(TestMethodWorker.java:125)
	at org.testng.internal.TestMethodWorker.run(TestMethodWorker.java:109)
	at org.testng.TestRunner.privateRun(TestRunner.java:648)
	at org.testng.TestRunner.run(TestRunner.java:505)
	at org.testng.SuiteRunner.runTest(SuiteRunner.java:455)
	at org.testng.SuiteRunner.runSequentially(SuiteRunner.java:450)
	at org.testng.SuiteRunner.privateRun(SuiteRunner.java:415)
	at org.testng.SuiteRunner.run(SuiteRunner.java:364)
	at org.testng.SuiteRunnerWorker.runSuite(SuiteRunnerWorker.java:52)
	at org.testng.SuiteRunnerWorker.run(SuiteRunnerWorker.java:84)
	at org.testng.TestNG.runSuitesSequentially(TestNG.java:1208)
	at org.testng.TestNG.runSuitesLocally(TestNG.java:1137)
	at org.testng.TestNG.runSuites(TestNG.java:1049)
	at org.testng.TestNG.run(TestNG.java:1017)
	at org.testng.remote.AbstractRemoteTestNG.run(AbstractRemoteTestNG.java:114)
	at org.testng.remote.RemoteTestNG.initAndRun(RemoteTestNG.java:251)
	at org.testng.remote.RemoteTestNG.main(RemoteTestNG.java:77)
</pre></div></td>
<td>18</td>
<td>testScripts.MyAccount.Login.TC_003@68bbe345</td></tr>
<tr>
<td title='testScripts.MyAccount.Login.TC_003.TC001_test()'><b>TC001_test</b><br>Test class: testScripts.MyAccount.Login.TC_003<br>Test method: Login with correct username and blank password<br/>
<a href="#Output-467632528" onClick='toggleBox("Output-467632528", this, "Show output", "Hide output");'>Show output</a>

<a href="#Output-467632528" onClick="toggleAllBoxes();">Show all outputs</a>
<div class='log' id="Output-467632528">
TC001_test this test started<br/>
<a href='E:\akash\eclipse\workspace\AutomationPracticeProject\src\main\resources\screenshot\navigation_pages_347_12-2018_15_12-301.png'><img src='E:\akash\eclipse\workspace\AutomationPracticeProject\src\main\resources\screenshot\navigation_pages_347_12-2018_15_12-301.png'height='100' width='100'/></a><br/>
<a href='E:\akash\eclipse\workspace\AutomationPracticeProject\src\main\resources\screenshot\navigation_pages_347_12-2018_15_12-999.png'><img src='E:\akash\eclipse\workspace\AutomationPracticeProject\src\main\resources\screenshot\navigation_pages_347_12-2018_15_12-999.png'height='100' width='100'/></a><br/>
TC001_test this test skipped java.lang.AssertionError: expected [ERROR: The password you entered for the username akash.srivastava is incorrect. Lost your password?] but found [Error: Password is required.]<br/>
</div>
</td>
<td><div><pre>java.lang.AssertionError: expected [ERROR: The password you entered for the username akash.srivastava is incorrect. Lost your password?] but found [Error: Password is required.]
	at helper.assertion.AssertionHelper.verifyText(AssertionHelper.java:20)
	at pageObjects.Login_RegisterPage.correctEmailBlankPassword(Login_RegisterPage.java:96)
	at testScripts.MyAccount.Login.TC_003.TC001_test(TC_003.java:21)
... Removed 31 stack frames</pre></div><a href='#' onClick='toggleBox("stack-trace467632528", this, "Click to show all stack frames", "Click to hide stack frames")'>Click to show all stack frames</a>
<div class='stack-trace' id='stack-trace467632528'><pre>java.lang.AssertionError: expected [ERROR: The password you entered for the username akash.srivastava is incorrect. Lost your password?] but found [Error: Password is required.]
	at org.testng.Assert.fail(Assert.java:96)
	at org.testng.Assert.failNotEquals(Assert.java:776)
	at org.testng.Assert.assertEqualsImpl(Assert.java:137)
	at org.testng.Assert.assertEquals(Assert.java:118)
	at org.testng.Assert.assertEquals(Assert.java:453)
	at org.testng.Assert.assertEquals(Assert.java:463)
	at helper.assertion.AssertionHelper.verifyText(AssertionHelper.java:20)
	at pageObjects.Login_RegisterPage.correctEmailBlankPassword(Login_RegisterPage.java:96)
	at testScripts.MyAccount.Login.TC_003.TC001_test(TC_003.java:21)
	at sun.reflect.NativeMethodAccessorImpl.invoke0(Native Method)
	at sun.reflect.NativeMethodAccessorImpl.invoke(NativeMethodAccessorImpl.java:62)
	at sun.reflect.DelegatingMethodAccessorImpl.invoke(DelegatingMethodAccessorImpl.java:43)
	at java.lang.reflect.Method.invoke(Method.java:498)
	at org.testng.internal.MethodInvocationHelper.invokeMethod(MethodInvocationHelper.java:124)
	at org.testng.internal.Invoker.invokeMethod(Invoker.java:583)
	at org.testng.internal.Invoker.retryFailed(Invoker.java:839)
	at org.testng.internal.Invoker.invokeTestMethods(Invoker.java:1010)
	at org.testng.internal.TestMethodWorker.invokeTestMethods(TestMethodWorker.java:125)
	at org.testng.internal.TestMethodWorker.run(TestMethodWorker.java:109)
	at org.testng.TestRunner.privateRun(TestRunner.java:648)
	at org.testng.TestRunner.run(TestRunner.java:505)
	at org.testng.SuiteRunner.runTest(SuiteRunner.java:455)
	at org.testng.SuiteRunner.runSequentially(SuiteRunner.java:450)
	at org.testng.SuiteRunner.privateRun(SuiteRunner.java:415)
	at org.testng.SuiteRunner.run(SuiteRunner.java:364)
	at org.testng.SuiteRunnerWorker.runSuite(SuiteRunnerWorker.java:52)
	at org.testng.SuiteRunnerWorker.run(SuiteRunnerWorker.java:84)
	at org.testng.TestNG.runSuitesSequentially(TestNG.java:1208)
	at org.testng.TestNG.runSuitesLocally(TestNG.java:1137)
	at org.testng.TestNG.runSuites(TestNG.java:1049)
	at org.testng.TestNG.run(TestNG.java:1017)
	at org.testng.remote.AbstractRemoteTestNG.run(AbstractRemoteTestNG.java:114)
	at org.testng.remote.RemoteTestNG.initAndRun(RemoteTestNG.java:251)
	at org.testng.remote.RemoteTestNG.main(RemoteTestNG.java:77)
</pre></div></td>
<td>10</td>
<td>testScripts.MyAccount.Login.TC_003@68bbe345</td></tr>
</table><p>
</body>
</html>