<?xml version="1.0" encoding="UTF-8"?>
<!-- Generated by org.testng.reporters.JUnitXMLReporter -->
<testsuite hostname="Akash" ignored="0" name="Login with correct username and blank password" tests="3" failures="1" timestamp="13 Dec 2018 10:25:52 GMT" time="43.439" errors="0">
  <testcase name="TC001_test" time="18.606" classname="testScripts.MyAccount.Login.TC_003">
    <skipped/>
  </testcase> <!-- TC001_test -->
  <testcase name="TC001_test" time="10.492" classname="testScripts.MyAccount.Login.TC_003">
    <skipped/>
  </testcase> <!-- TC001_test -->
  <testcase name="TC001_test" time="10.018" classname="testScripts.MyAccount.Login.TC_003">
    <failure type="java.lang.AssertionError" message="expected [ERROR: The password you entered for the username akash.srivastava is incorrect. Lost your password?] but found [Error: Password is required.]">
      <![CDATA[java.lang.AssertionError: expected [ERROR: The password you entered for the username akash.srivastava is incorrect. Lost your password?] but found [Error: Password is required.]
at helper.assertion.AssertionHelper.verifyText(AssertionHelper.java:20)
at pageObjects.Login_RegisterPage.correctEmailBlankPassword(Login_RegisterPage.java:96)
at testScripts.MyAccount.Login.TC_003.TC001_test(TC_003.java:21)
... Removed 31 stack frames]]>
    </failure>
  </testcase> <!-- TC001_test -->
</testsuite> <!-- Login with correct username and blank password -->
